
Showing logs for build [32mcb-kubecd-environment-pr-177-15-7xc5s-1[0m stage [32mfrom-build-pack[0m and container [32mstep-credential-initializer-r5gdf[0m
{"level":"warn","ts":1583822707.0658875,"logger":"fallback-logger","caller":"logging/config.go:69","msg":"Fetch GitHub commit ID from kodata failed: \"ref: refs/heads/0.8.0-**-support-backwards-incompats\" is not a valid GitHub commit ID"}
{"level":"info","ts":1583822707.0665467,"logger":"fallback-logger","caller":"creds-init/main.go:40","msg":"Credentials initialized."}

Showing logs for build [32mcb-kubecd-environment-pr-177-15-7xc5s-1[0m stage [32mfrom-build-pack[0m and container [32mstep-working-dir-initializer-967n5[0m
{"level":"warn","ts":1583822708.4143438,"logger":"fallback-logger","caller":"logging/config.go:69","msg":"Fetch GitHub commit ID from kodata failed: open /var/run/ko/HEAD: no such file or directory"}
{"level":"info","ts":1583822708.416145,"logger":"fallback-logger","caller":"bash/main.go:64","msg":"Successfully executed command \"sh -c mkdir -p /workspace/source\"; output "}

Showing logs for build [32mcb-kubecd-environment-pr-177-15-7xc5s-1[0m stage [32mfrom-build-pack[0m and container [32mstep-place-tools[0m

Showing logs for build [32mcb-kubecd-environment-pr-177-15-7xc5s-1[0m stage [32mfrom-build-pack[0m and container [32mstep-git-source-cb-kubecd-environment-pr-177-15-7xc5s-4pk2s[0m
{"level":"warn","ts":1583822716.6017861,"logger":"fallback-logger","caller":"logging/config.go:69","msg":"Fetch GitHub commit ID from kodata failed: \"ref: refs/heads/0.8.0-**-support-backwards-incompats\" is not a valid GitHub commit ID"}
{"level":"info","ts":1583822717.6425118,"logger":"fallback-logger","caller":"git/git.go:103","msg":"Successfully cloned https://github.com/cb-kubecd/environment-pr-177-156-gke-upgrade-staging.git @ master in path /workspace/source"}

Showing logs for build [32mcb-kubecd-environment-pr-177-15-7xc5s-1[0m stage [32mfrom-build-pack[0m and container [32mstep-git-merge[0m
Using SHAs from PULL_REFS=master:8f2b51602c546a09a7b195489e8e5374c4ab9005,1:ded01ed976f6bfc309d41b95fb29132ac327b4cc
DEBUG: LC_ALL=C JX_LOG_LEVEL=error git fetch origin --unshallow ded01ed976f6bfc309d41b95fb29132ac327b4cc: 8f2b51602c546a09a7b195489e8e5374c4ab9005:
DEBUG: ran git fetch --unshallow origin ded01ed976f6bfc309d41b95fb29132ac327b4cc: 8f2b51602c546a09a7b195489e8e5374c4ab9005: in 
DEBUG: LC_ALL=C JX_LOG_LEVEL=error git branch
DEBUG: LC_ALL=C JX_LOG_LEVEL=error git checkout master
DEBUG: ran git checkout master in 
DEBUG: LC_ALL=C JX_LOG_LEVEL=error git reset --hard 8f2b51602c546a09a7b195489e8e5374c4ab9005
DEBUG: ran git reset --hard 8f2b51602c546a09a7b195489e8e5374c4ab9005 in 
DEBUG: LC_ALL=C JX_LOG_LEVEL=error git clean -fd .
DEBUG: ran clean --force -d . in 
DEBUG: LC_ALL=C JX_LOG_LEVEL=error git merge ded01ed976f6bfc309d41b95fb29132ac327b4cc
DEBUG: ran git merge ded01ed976f6bfc309d41b95fb29132ac327b4cc in 
DEBUG: JX_LOG_LEVEL=error LC_ALL=C git log --format=%H%x1f%an%x1f%ae%x1f%cn%x1f%ce%x1f%s%n%b%x1e 8f2b51602c546a09a7b195489e8e5374c4ab9005..HEAD
Merged SHA ded01ed976f6bfc309d41b95fb29132ac327b4cc with commit message 'chore: Promote bdd-spring-1583822392 to version 0.0.1' into base branch master

Showing logs for build [32mcb-kubecd-environment-pr-177-15-7xc5s-1[0m stage [32mfrom-build-pack[0m and container [32mstep-build-helm-build[0m
WARNING: No $CHART_REPOSITORY defined so using the default value of: http://jenkins-x-chartmuseum:8080
Adding missing Helm repo: storage.googleapis.com https://storage.googleapis.com/chartmuseum.jenkins-x.io
WARNING: No secrets found on "helm/repos" due: reading the secret "helm/repos" from vault: no secret "helm/repos" not found in vault
Read credentials for https://storage.googleapis.com/chartmuseum.jenkins-x.io from vault helm/repos
Successfully added Helm repository storage.googleapis.com.
Adding missing Helm repo: jenkins-x-chartmuseum http://jenkins-x-chartmuseum:8080
WARNING: No secrets found on "helm/repos" due: reading the secret "helm/repos" from vault: no secret "helm/repos" not found in vault
Read credentials for http://jenkins-x-chartmuseum:8080 from vault helm/repos
Successfully added Helm repository jenkins-x-chartmuseum.
WARNING: No $CHART_REPOSITORY defined so using the default value of: http://jenkins-x-chartmuseum:8080
Adding missing Helm repo: chartmuseum.jenkins-x.io http://chartmuseum.jenkins-x.io
WARNING: No secrets found on "helm/repos" due: reading the secret "helm/repos" from vault: no secret "helm/repos" not found in vault
Read credentials for http://chartmuseum.jenkins-x.io from vault helm/repos
Successfully added Helm repository chartmuseum.jenkins-x.io.
